This is pdfTeX, Version 3.141592653-2.6-1.40.26 (TeX Live 2025/dev/Debian) (preloaded format=pdflatex 2025.9.5)  18 MAR 2026 13:49
entering extended mode
 restricted \write18 enabled.
 %&-line parsing enabled.
**main.tex
(./main.tex
LaTeX2e <2024-11-01> patch level 2
L3 programming layer <2025-01-18>
(/usr/share/texlive/texmf-dist/tex/latex/base/report.cls
Document Class: report 2024/06/29 v1.4n Standard LaTeX document class
(/usr/share/texlive/texmf-dist/tex/latex/base/size12.clo
File: size12.clo 2024/06/29 v1.4n Standard LaTeX file (size option)
)
\c@part=\count196
\c@chapter=\count197
\c@section=\count198
\c@subsection=\count199
\c@subsubsection=\count266
\c@paragraph=\count267
\c@subparagraph=\count268
\c@figure=\count269
\c@table=\count270
\abovecaptionskip=\skip49
\belowcaptionskip=\skip50
\bibindent=\dimen141
)
(/usr/share/texlive/texmf-dist/tex/latex/base/inputenc.sty
Package: inputenc 2024/02/08 v1.3d Input encoding file
\inpenc@prehook=\toks17
\inpenc@posthook=\toks18
)
(/usr/share/texlive/texmf-dist/tex/generic/babel/babel.sty
Package: babel 2025/02/14 v25.4 The multilingual framework for pdfLaTeX, LuaLaT
eX and XeLaTeX
\babel@savecnt=\count271
\U@D=\dimen142
\l@unhyphenated=\language6

(/usr/share/texlive/texmf-dist/tex/generic/babel/txtbabel.def)
\bbl@readstream=\read2
\bbl@dirlevel=\count272

(/usr/share/texlive/texmf-dist/tex/generic/babel-spanish/spanish.ldf
Language: spanish.ldf 2021/05/27 v5.0q Spanish support from the babel system
\es@quottoks=\toks19
\es@quotdepth=\count273
Package babel Info: Making " an active character on input line 570.
Package babel Info: Making . an active character on input line 675.
Package babel Info: Making < an active character on input line 722.
Package babel Info: Making > an active character on input line 722.
))
(/usr/share/texlive/texmf-dist/tex/generic/babel/locale/es/babel-spanish.tex
Package babel Info: Importing font and identification data for spanish
(babel)             from babel-es.ini. Reported on input line 11.
)
(/usr/share/texlive/texmf-dist/tex/latex/graphics/graphicx.sty
Package: graphicx 2021/09/16 v1.2d Enhanced LaTeX Graphics (DPC,SPQR)

(/usr/share/texlive/texmf-dist/tex/latex/graphics/keyval.sty
Package: keyval 2022/05/29 v1.15 key=value parser (DPC)
\KV@toks@=\toks20
)
(/usr/share/texlive/texmf-dist/tex/latex/graphics/graphics.sty
Package: graphics 2024/08/06 v1.4g Standard LaTeX Graphics (DPC,SPQR)

(/usr/share/texlive/texmf-dist/tex/latex/graphics/trig.sty
Package: trig 2023/12/02 v1.11 sin cos tan (DPC)
)
(/usr/share/texlive/texmf-dist/tex/latex/graphics-cfg/graphics.cfg
File: graphics.cfg 2016/06/04 v1.11 sample graphics configuration
)
Package graphics Info: Driver file: pdftex.def on input line 106.

(/usr/share/texlive/texmf-dist/tex/latex/graphics-def/pdftex.def
File: pdftex.def 2024/04/13 v1.2c Graphics/color driver for pdftex
))
\Gin@req@height=\dimen143
\Gin@req@width=\dimen144
)
(/usr/share/texlive/texmf-dist/tex/latex/float/float.sty
Package: float 2001/11/08 v1.3d Float enhancements (AL)
\c@float@type=\count274
\float@exts=\toks21
\float@box=\box52
\@float@everytoks=\toks22
\@floatcapt=\box53
)
(/usr/share/texlive/texmf-dist/tex/latex/natbib/natbib.sty
Package: natbib 2010/09/13 8.31b (PWD, AO)
\bibhang=\skip51
\bibsep=\skip52
LaTeX Info: Redefining \cite on input line 694.
\c@NAT@ctr=\count275
)
(/usr/share/texlive/texmf-dist/tex/latex/psnfss/helvet.sty
Package: helvet 2020/03/25 PSNFSS-v9.3 (WaS) 
)
(/usr/share/texlive/texmf-dist/tex/latex/geometry/geometry.sty
Package: geometry 2020/01/02 v5.9 Page Geometry

(/usr/share/texlive/texmf-dist/tex/generic/iftex/ifvtex.sty
Package: ifvtex 2019/10/25 v1.7 ifvtex legacy package. Use iftex instead.

(/usr/share/texlive/texmf-dist/tex/generic/iftex/iftex.sty
Package: iftex 2024/12/12 v1.0g TeX engine tests
))
\Gm@cnth=\count276
\Gm@cntv=\count277
\c@Gm@tempcnt=\count278
\Gm@bindingoffset=\dimen145
\Gm@wd@mp=\dimen146
\Gm@odd@mp=\dimen147
\Gm@even@mp=\dimen148
\Gm@layoutwidth=\dimen149
\Gm@layoutheight=\dimen150
\Gm@layouthoffset=\dimen151
\Gm@layoutvoffset=\dimen152
\Gm@dimlist=\toks23
)
(/usr/share/texlive/texmf-dist/tex/latex/setspace/setspace.sty
Package: setspace 2022/12/04 v6.7b set line spacing
)
(/usr/share/texlive/texmf-dist/tex/latex/fancyhdr/fancyhdr.sty
Package: fancyhdr 2025/02/07 v5.2 Extensive control of page headers and footers

\f@nch@headwidth=\skip53
\f@nch@offset@elh=\skip54
\f@nch@offset@erh=\skip55
\f@nch@offset@olh=\skip56
\f@nch@offset@orh=\skip57
\f@nch@offset@elf=\skip58
\f@nch@offset@erf=\skip59
\f@nch@offset@olf=\skip60
\f@nch@offset@orf=\skip61
\f@nch@height=\skip62
\f@nch@footalignment=\skip63
\f@nch@widthL=\skip64
\f@nch@widthC=\skip65
\f@nch@widthR=\skip66
\@temptokenb=\toks24
)
(/usr/share/texlive/texmf-dist/tex/latex/caption/caption.sty
Package: caption 2023/08/05 v3.6o Customizing captions (AR)

(/usr/share/texlive/texmf-dist/tex/latex/caption/caption3.sty
Package: caption3 2023/07/31 v2.4d caption3 kernel (AR)
\caption@tempdima=\dimen153
\captionmargin=\dimen154
\caption@leftmargin=\dimen155
\caption@rightmargin=\dimen156
\caption@width=\dimen157
\caption@indent=\dimen158
\caption@parindent=\dimen159
\caption@hangindent=\dimen160
Package caption Info: Standard document class detected.
)
\c@caption@flags=\count279
\c@continuedfloat=\count280
Package caption Info: float package is loaded.
)
(/usr/share/texlive/texmf-dist/tex/latex/titlesec/titlesec.sty
Package: titlesec 2025/01/04 v2.17 Sectioning titles
\ttl@box=\box54
\beforetitleunit=\skip67
\aftertitleunit=\skip68
\ttl@plus=\dimen161
\ttl@minus=\dimen162
\ttl@toksa=\toks25
\titlewidth=\dimen163
\titlewidthlast=\dimen164
\titlewidthfirst=\dimen165
)
LaTeX Font Info:    Trying to load font information for OT1+phv on input line 1
27.

(/usr/share/texlive/texmf-dist/tex/latex/psnfss/ot1phv.fd
File: ot1phv.fd 2020/03/25 scalable font definitions for OT1/phv.
)
(/usr/share/texlive/texmf-dist/tex/latex/l3backend/l3backend-pdftex.def
File: l3backend-pdftex.def 2024-05-08 L3 backend support: PDF output (pdfTeX)
\l__color_backend_stack_int=\count281
\l__pdf_internal_box=\box55
)
(./main.aux
LaTeX Info: Redefining \. on input line 8.
LaTeX Info: Redefining \% on input line 8.
)
\openout1 = `main.aux'.

LaTeX Font Info:    Checking defaults for OML/cmm/m/it on input line 127.
LaTeX Font Info:    ... okay on input line 127.
LaTeX Font Info:    Checking defaults for OMS/cmsy/m/n on input line 127.
LaTeX Font Info:    ... okay on input line 127.
LaTeX Font Info:    Checking defaults for OT1/cmr/m/n on input line 127.
LaTeX Font Info:    ... okay on input line 127.
LaTeX Font Info:    Checking defaults for T1/cmr/m/n on input line 127.
LaTeX Font Info:    ... okay on input line 127.
LaTeX Font Info:    Checking defaults for TS1/cmr/m/n on input line 127.
LaTeX Font Info:    ... okay on input line 127.
LaTeX Font Info:    Checking defaults for OMX/cmex/m/n on input line 127.
LaTeX Font Info:    ... okay on input line 127.
LaTeX Font Info:    Checking defaults for U/cmr/m/n on input line 127.
LaTeX Font Info:    ... okay on input line 127.
LaTeX Info: Redefining \. on input line 127.
LaTeX Info: Redefining \% on input line 127.
 (/usr/share/texlive/texmf-dist/tex/context/base/mkii/supp-pdf.mkii
[Loading MPS to PDF converter (version 2006.09.02).]
\scratchcounter=\count282
\scratchdimen=\dimen166
\scratchbox=\box56
\nofMPsegments=\count283
\nofMParguments=\count284
\everyMPshowfont=\toks26
\MPscratchCnt=\count285
\MPscratchDim=\dimen167
\MPnumerator=\count286
\makeMPintoPDFobject=\count287
\everyMPtoPDFconversion=\toks27
) (/usr/share/texlive/texmf-dist/tex/latex/epstopdf-pkg/epstopdf-base.sty
Package: epstopdf-base 2020-01-24 v2.11 Base part for package epstopdf
Package epstopdf-base Info: Redefining graphics rule for `.eps' on input line 4
85.

(/usr/share/texlive/texmf-dist/tex/latex/latexconfig/epstopdf-sys.cfg
File: epstopdf-sys.cfg 2010/07/13 v1.3 Configuration of (r)epstopdf for TeX Liv
e
))
*geometry* driver: auto-detecting
*geometry* detected driver: pdftex
*geometry* verbose mode - [ preamble ] result:
* driver: pdftex
* paper: letterpaper
* layout: <same size as paper>
* layoutoffset:(h,v)=(0.0pt,0.0pt)
* modes: includehead includefoot 
* h-part:(L,W,R)=(99.58464pt, 443.57848pt, 71.13188pt)
* v-part:(T,H,B)=(42.67912pt, 709.61174pt, 42.67912pt)
* \paperwidth=614.295pt
* \paperheight=794.96999pt
* \textwidth=443.57848pt
* \textheight=639.61174pt
* \oddsidemargin=27.31465pt
* \evensidemargin=27.31465pt
* \topmargin=-29.59087pt
* \headheight=15.0pt
* \headsep=25.0pt
* \topskip=12.0pt
* \footskip=30.0pt
* \marginparwidth=44.0pt
* \marginparsep=10.0pt
* \columnsep=10.0pt
* \skip\footins=10.8pt plus 4.0pt minus 2.0pt
* \hoffset=0.0pt
* \voffset=0.0pt
* \mag=1000
* \@twocolumnfalse
* \@twosidefalse
* \@mparswitchfalse
* \@reversemarginfalse
* (1in=72.27pt=25.4mm, 1cm=28.453pt)

Package caption Info: Begin \AtBeginDocument code.
Package caption Info: End \AtBeginDocument code.
<logo-upds.jpg, id=1, 378.66469pt x 398.99063pt>
File: logo-upds.jpg Graphic file (type jpg)
<use logo-upds.jpg>
Package pdftex.def Info: logo-upds.jpg  used on input line 132.
(pdftex.def)             Requested size: 113.81102pt x 119.91728pt.


[1

{/var/lib/texmf/fonts/map/pdftex/updmap/pdftex.map}{/usr/share/texlive/texmf-di
st/fonts/enc/dvips/base/8r.enc} <./logo-upds.jpg>] (./main.toc
LaTeX Info: Redefining \. on input line 1.
LaTeX Info: Redefining \% on input line 1.
LaTeX Font Info:    External font `cmex10' loaded for size
(Font)              <12> on input line 3.
LaTeX Font Info:    External font `cmex10' loaded for size
(Font)              <8> on input line 3.
LaTeX Font Info:    External font `cmex10' loaded for size
(Font)              <6> on input line 3.


LaTeX Info: Redefining \. on input line 22.
LaTeX Info: Redefining \% on input line 22.

Package fancyhdr Warning: \headheight is too small (15.0pt): 
(fancyhdr)                Make it at least 15.55193pt, for example:
(fancyhdr)                \setlength{\headheight}{15.55193pt}.
(fancyhdr)                You might also make \topmargin smaller:
(fancyhdr)                \addtolength{\topmargin}{-0.55193pt}.

[1

]

LaTeX Info: Redefining \. on input line 43.
LaTeX Info: Redefining \% on input line 43.

Package fancyhdr Warning: \headheight is too small (15.0pt): 
(fancyhdr)                Make it at least 15.55193pt, for example:
(fancyhdr)                \setlength{\headheight}{15.55193pt}.
(fancyhdr)                You might also make \topmargin smaller:
(fancyhdr)                \addtolength{\topmargin}{-0.55193pt}.

[2]

LaTeX Info: Redefining \. on input line 64.
LaTeX Info: Redefining \% on input line 64.

Package fancyhdr Warning: \headheight is too small (15.0pt): 
(fancyhdr)                Make it at least 15.55193pt, for example:
(fancyhdr)                \setlength{\headheight}{15.55193pt}.
(fancyhdr)                You might also make \topmargin smaller:
(fancyhdr)                \addtolength{\topmargin}{-0.55193pt}.

[3])
\tf@toc=\write3
\openout3 = `main.toc'.



LaTeX Info: Redefining \. on input line 160.
LaTeX Info: Redefining \% on input line 160.

Package fancyhdr Warning: \headheight is too small (15.0pt): 
(fancyhdr)                Make it at least 15.55193pt, for example:
(fancyhdr)                \setlength{\headheight}{15.55193pt}.
(fancyhdr)                You might also make \topmargin smaller:
(fancyhdr)                \addtolength{\topmargin}{-0.55193pt}.

[4] (./main.lof
LaTeX Info: Redefining \. on input line 1.
LaTeX Info: Redefining \% on input line 1.
)
\tf@lof=\write4
\openout4 = `main.lof'.



LaTeX Info: Redefining \. on input line 164.
LaTeX Info: Redefining \% on input line 164.

Package fancyhdr Warning: \headheight is too small (15.0pt): 
(fancyhdr)                Make it at least 15.55193pt, for example:
(fancyhdr)                \setlength{\headheight}{15.55193pt}.
(fancyhdr)                You might also make \topmargin smaller:
(fancyhdr)                \addtolength{\topmargin}{-0.55193pt}.

[5

] (./main.lot
LaTeX Info: Redefining \. on input line 1.
LaTeX Info: Redefining \% on input line 1.
)
\tf@lot=\write5
\openout5 = `main.lot'.



LaTeX Info: Redefining \. on input line 168.
LaTeX Info: Redefining \% on input line 168.

Package fancyhdr Warning: \headheight is too small (15.0pt): 
(fancyhdr)                Make it at least 15.55193pt, for example:
(fancyhdr)                \setlength{\headheight}{15.55193pt}.
(fancyhdr)                You might also make \topmargin smaller:
(fancyhdr)                \addtolength{\topmargin}{-0.55193pt}.

[6

]
Cap\'{\i }tulo 1.


LaTeX Info: Redefining \. on input line 187.
LaTeX Info: Redefining \% on input line 187.
[1

]
LaTeX Font Info:    Font shape `OT1/phv/m/it' in size <12> not available
(Font)              Font shape `OT1/phv/m/sl' tried instead on input line 196.
<arbol.png, id=31, 813.0375pt x 349.305pt>
File: arbol.png Graphic file (type png)
<use arbol.png>
Package pdftex.def Info: arbol.png  used on input line 196.
(pdftex.def)             Requested size: 354.86412pt x 152.45811pt.


LaTeX Info: Redefining \. on input line 206.
LaTeX Info: Redefining \% on input line 206.
[2 <./arbol.png>]

LaTeX Info: Redefining \. on input line 219.
LaTeX Info: Redefining \% on input line 219.
[3]
Cap\'{\i }tulo 2.


LaTeX Info: Redefining \. on input line 242.
LaTeX Info: Redefining \% on input line 242.
[4

]

LaTeX Info: Redefining \. on input line 260.
LaTeX Info: Redefining \% on input line 260.
[5]

LaTeX Info: Redefining \. on input line 280.
LaTeX Info: Redefining \% on input line 280.
[6]

LaTeX Info: Redefining \. on input line 302.
LaTeX Info: Redefining \% on input line 302.
[7]

LaTeX Info: Redefining \. on input line 322.
LaTeX Info: Redefining \% on input line 322.
[8]

LaTeX Info: Redefining \. on input line 344.
LaTeX Info: Redefining \% on input line 344.
[9]

LaTeX Info: Redefining \. on input line 360.
LaTeX Info: Redefining \% on input line 360.
[10]
Cap\'{\i }tulo 3.


LaTeX Info: Redefining \. on input line 389.
LaTeX Info: Redefining \% on input line 389.
[11

]

LaTeX Info: Redefining \. on input line 414.
LaTeX Info: Redefining \% on input line 414.
[12]

LaTeX Info: Redefining \. on input line 439.
LaTeX Info: Redefining \% on input line 439.
[13]

LaTeX Info: Redefining \. on input line 453.
LaTeX Info: Redefining \% on input line 453.
[14]
Cap\'{\i }tulo 4.


LaTeX Info: Redefining \. on input line 458.
LaTeX Info: Redefining \% on input line 458.
[15

]
Cap\'{\i }tulo 5.
(./main.bbl

LaTeX Info: Redefining \. on input line 1.
LaTeX Info: Redefining \% on input line 1.
[16

])

Package caption Warning: Unused \captionsetup[table] on input line 47.
See the caption package documentation for explanation.



LaTeX Info: Redefining \. on input line 471.
LaTeX Info: Redefining \% on input line 471.
[17

] (./main.aux
LaTeX Info: Redefining \. on input line 8.
LaTeX Info: Redefining \% on input line 8.
)
 ***********
LaTeX2e <2024-11-01> patch level 2
L3 programming layer <2025-01-18>
 ***********
 ) 
Here is how much of TeX's memory you used:
 6006 strings out of 475116
 100886 string characters out of 5764602
 512301 words of memory out of 5000000
 28961 multiletter control sequences out of 15000+600000
 576058 words of font info for 62 fonts, out of 8000000 for 9000
 40 hyphenation exceptions out of 8191
 57i,13n,65p,913b,831s stack positions out of 10000i,1000n,20000p,200000b,200000s
</usr/share/texlive/texmf-dist/fonts/type1/urw/helvetic/uhvb8a.pfb></usr/shar
e/texlive/texmf-dist/fonts/type1/urw/helvetic/uhvr8a.pfb></usr/share/texlive/te
xmf-dist/fonts/type1/urw/helvetic/uhvro8a.pfb>
Output written on main.pdf (24 pages, 100771 bytes).
PDF statistics:
 100 PDF objects out of 1000 (max. 8388607)
 64 compressed objects within 1 object stream
 0 named destinations out of 1000 (max. 500000)
 11 words of extra memory for PDF output out of 10000 (max. 10000000)

